<?xml version="1.0" encoding="UTF-8"?>
<!-- Generated by org.testng.reporters.JUnitXMLReporter -->
<testsuite hostname="DESKTOP-GNC5L7A" ignored="0" name="Default test" tests="3" failures="0" timestamp="2020-11-15T15:13:06 EST" time="41.089" errors="0">
  <testcase name="emailPageTitleTest" time="0.023" classname="com.t.qa.testcase.EmailPageTest"/>
  <testcase name="printTitleTest" time="0.061" classname="com.t.qa.testcase.EmailPageTest"/>
  <testcase name="signUpEmailTest" time="9.625" classname="com.t.qa.testcase.EmailPageTest"/>
</testsuite> <!-- Default test -->
